{
  "model_config": {
    "model_name": "openai/gpt-oss-20b",
    "api_base": "http://localhost:1234/v1",
    "api_key": "lm-studio",
    "temperature": 0.3,
    "max_tokens": 16000,
    "timeout": 120
  },
  "summary": {
    "total": 10,
    "passed": 3,
    "failed": 7,
    "pass_rate": 30.0,
    "avg_commands": 3.5,
    "avg_time": 11.125998830795288,
    "by_difficulty": {
      "hard": {
        "total": 6,
        "passed": 2,
        "pass_rate": 33.33333333333333
      },
      "very_hard": {
        "total": 2,
        "passed": 0,
        "pass_rate": 0.0
      },
      "easy": {
        "total": 2,
        "passed": 1,
        "pass_rate": 50.0
      }
    },
    "by_type": {
      "permissions": {
        "total": 1,
        "passed": 0,
        "pass_rate": 0.0
      },
      "config_editing": {
        "total": 1,
        "passed": 0,
        "pass_rate": 0.0
      },
      "data_processor": {
        "total": 1,
        "passed": 0,
        "pass_rate": 0.0
      },
      "array_ops": {
        "total": 1,
        "passed": 0,
        "pass_rate": 0.0
      },
      "string_utils": {
        "total": 1,
        "passed": 0,
        "pass_rate": 0.0
      },
      "symlinks": {
        "total": 1,
        "passed": 1,
        "pass_rate": 100.0
      },
      "data_pipeline": {
        "total": 1,
        "passed": 1,
        "pass_rate": 100.0
      },
      "git": {
        "total": 1,
        "passed": 0,
        "pass_rate": 0.0
      },
      "awk_cut": {
        "total": 2,
        "passed": 1,
        "pass_rate": 50.0
      }
    }
  },
  "results": [
    {
      "scenario_id": "prompt_000608",
      "success": false,
      "num_commands": 3,
      "commands": [
        "chmod +x deploy.sh",
        "chmod +x deploy.py",
        "ls -l deploy.sh deploy.py README.md"
      ],
      "verification": {
        "lint_results": {
          "success": true,
          "error_count": 0,
          "output": "",
          "exit_code": 0
        },
        "permissions_verification": {
          "expected_exec": [
            "deploy.sh",
            "deploy.py"
          ],
          "expected_readonly": [
            "README.md"
          ],
          "exec_ok": [
            "deploy.sh",
            "deploy.py"
          ],
          "exec_fail": [],
          "readonly_ok": [],
          "readonly_fail": [
            "README.md"
          ],
          "has_expectations": true,
          "success": false
        },
        "execution_verification": {
          "files_modified": [],
          "files_created": [],
          "files_deleted": [],
          "dirs_created": [],
          "dirs_deleted": [],
          "success": false
        }
      },
      "reward_breakdown": {
        "total_reward": 0.6428571428571428,
        "base_reward": 0.6428571428571428,
        "time_score": 1.0,
        "regression_score": 1.0,
        "actual_time": 0.028147220611572266,
        "estimated_time": 5.0,
        "breakdown": {
          "verification_score": 0.6428571428571428,
          "time_penalty": 0.0,
          "regression_penalty": 0.0
        }
      },
      "execution_results": {
        "results": [
          {
            "command": "chmod +x deploy.sh",
            "success": true,
            "output": "",
            "time": 0.009854316711425781
          },
          {
            "command": "chmod +x deploy.py",
            "success": true,
            "output": "",
            "time": 0.008699178695678711
          },
          {
            "command": "ls -l deploy.sh deploy.py README.md",
            "success": true,
            "output": "-rwx--x--x@ 1 masoud  staff  57 Oct 31 13:31 deploy.py\n-rwx--x--x@ 1 masoud  staff  48 Oct 31 13:31 deploy.sh\n-rw-------@ 1 masoud  staff  57 Oct 31 13:31 README.md\n",
            "time": 0.00955510139465332
          }
        ],
        "total_time": 0.028147220611572266,
        "all_successful": true
      },
      "time_seconds": 6.640142202377319,
      "difficulty": "hard",
      "scenario_type": "permissions"
    },
    {
      "scenario_id": "prompt_000868",
      "success": false,
      "num_commands": 3,
      "commands": [
        "sed -i '' -e 's/^DEBUG=false/DEBUG=true/' -e 's/^LOG_LEVEL=info/LOG_LEVEL=debug/' -e 's/^CACHE_ENABLED=false/CACHE_ENABLED=true/' -e 's/^API_KEY=.*$/API_KEY=new_key_67890/' config.env",
        "printf '# Updated for development\n' > tmp && cat config.env >> tmp && mv tmp config.env",
        "cat config.env"
      ],
      "verification": {},
      "reward_breakdown": null,
      "execution_results": null,
      "time_seconds": 7.30678915977478,
      "difficulty": "hard",
      "scenario_type": "config_editing"
    },
    {
      "scenario_id": "prompt_000703",
      "success": false,
      "num_commands": 3,
      "commands": [
        "python -m pytest test_data_processor.py",
        "sed -i '' -e 's/^def filter_positive(numbers)/def filter_positive(numbers):/' data_processor.py",
        "python -m pytest test_data_processor.py"
      ],
      "verification": {
        "test_results": {
          "success": true,
          "passed": 5,
          "failed": 0,
          "total": 5,
          "output": "============================= test session starts ==============================\nplatform darwin -- Python 3.12.11, pytest-8.4.2, pluggy-1.6.0 -- /Users/masoud/Documents/Repos/cli-rl-env/.venv/bin/python\ncachedir: .pytest_cache\nrootdir: /private/var/folders/zp/bbktq6x94hz_t85nvqs8b4w00000gn/T/cli_rl_env_5ht5eyx5\nplugins: anyio-4.11.0, timeout-2.4.0\ntimeout: 10.0s\ntimeout method: signal\ntimeout func_only: False\ncollecting ... collected 5 items\n\ntest_data_processor.py::test_filter_positive PASSED                      [ 20%]\ntest_data_processor.py::test_sum_even PASSED                             [ 40%]\ntest_data_processor.py::test_find_max PASSED                             [ 60%]\ntest_data_processor.py::test_average PASSED                              [ 80%]\ntest_data_processor.py::test_remove_duplicates PASSED                    [100%]\n\n============================== 5 passed in 0.00s ===============================\n",
          "exit_code": 0
        },
        "lint_results": {
          "success": false,
          "error_count": 5,
          "output": "data_processor.py:3:1: E302 expected 2 blank lines, found 1\ndata_processor.py:7:1: E302 expected 2 blank lines, found 1\ndata_processor.py:11:1: E302 expected 2 blank lines, found 1\ndata_processor.py:17:1: E302 expected 2 blank lines, found 1\ndata_processor.py:23:1: E302 expected 2 blank lines, found 1\n",
          "exit_code": 1
        },
        "execution_verification": {
          "files_modified": [
            "data_processor.py"
          ],
          "files_created": [
            ".pytest_cache/CACHEDIR.TAG",
            ".pytest_cache/README.md",
            ".pytest_cache/.gitignore",
            "__pycache__/test_data_processor.cpython-312-pytest-8.4.2.pyc",
            "__pycache__/data_processor.cpython-312.pyc",
            ".pytest_cache/v/cache/nodeids",
            ".pytest_cache/v/cache/lastfailed"
          ],
          "files_deleted": [],
          "dirs_created": [
            ".pytest_cache",
            "__pycache__",
            ".pytest_cache/v",
            ".pytest_cache/v/cache"
          ],
          "dirs_deleted": [],
          "success": true
        }
      },
      "reward_breakdown": {
        "total_reward": 0.9473684210526315,
        "base_reward": 0.9473684210526315,
        "time_score": 1.0,
        "regression_score": 1.0,
        "actual_time": 0.48275113105773926,
        "estimated_time": 15.0,
        "breakdown": {
          "verification_score": 0.9473684210526315,
          "time_penalty": 0.0,
          "regression_penalty": 0.0
        }
      },
      "execution_results": {
        "results": [
          {
            "command": "python -m pytest test_data_processor.py",
            "success": false,
            "error": "Command execution failed: Command failed with code 2: ============================= test session starts ==============================\nplatform darwin -- Python 3.12.11, pytest-8.4.2, pluggy-1.6.0\nrootdir: /private/var/folders/zp/bbktq6x94hz_t85nvqs8b4w00000gn/T/cli_rl_env_5ht5eyx5\nplugins: anyio-4.11.0, timeout-2.4.0\ncollected 0 items / 1 error\n\n==================================== ERRORS ====================================\n___________________ ERROR collecting test_data_processor.py ____________________\n/Users/masoud/Documents/Repos/cli-rl-env/.v",
            "time": 0.36345601081848145
          },
          {
            "command": "sed -i '' -e 's/^def filter_positive(numbers)/def filter_positive(numbers):/' data_processor.py",
            "success": true,
            "output": "",
            "time": 0.006816864013671875
          },
          {
            "command": "python -m pytest test_data_processor.py",
            "success": true,
            "output": "============================= test session starts ==============================\nplatform darwin -- Python 3.12.11, pytest-8.4.2, pluggy-1.6.0\nrootdir: /private/var/folders/zp/bbktq6x94hz_t85nvqs8b4w00000gn/T/cli_rl_env_5ht5eyx5\nplugins: anyio-4.11.0, timeout-2.4.0\ncollected 5 items\n\ntest_data_processor.py .....                                             [100%]\n\n============================== 5 passed in 0.00s ===============================\n",
            "time": 0.11246275901794434
          }
        ],
        "total_time": 0.48275113105773926,
        "all_successful": false
      },
      "time_seconds": 6.474164962768555,
      "difficulty": "very_hard",
      "scenario_type": "data_processor"
    },
    {
      "scenario_id": "prompt_000045",
      "success": false,
      "num_commands": 4,
      "commands": [
        "node test_array_ops.js",
        "sed -i '' -e 's/return arr.reduce((a, b) => a - b, 0);/return arr.reduce((a, b) => a + b, 0);/' array_ops.js",
        "sed -i '' -e 's/if (arr.length !== 0) return null;/if (arr.length === 0) return null;/' array_ops.js",
        "node test_array_ops.js"
      ],
      "verification": {},
      "reward_breakdown": null,
      "execution_results": null,
      "time_seconds": 13.280992984771729,
      "difficulty": "very_hard",
      "scenario_type": "array_ops"
    },
    {
      "scenario_id": "prompt_000318",
      "success": false,
      "num_commands": 4,
      "commands": [
        "python -m pytest -q",
        "sed -i 's/!=/==/' string_utils.py",
        "python -m pytest -q",
        "cat string_utils.py"
      ],
      "verification": {
        "test_results": {
          "success": false,
          "passed": 4,
          "failed": 1,
          "total": 5,
          "output": "============================= test session starts ==============================\nplatform darwin -- Python 3.12.11, pytest-8.4.2, pluggy-1.6.0 -- /Users/masoud/Documents/Repos/cli-rl-env/.venv/bin/python\ncachedir: .pytest_cache\nrootdir: /private/var/folders/zp/bbktq6x94hz_t85nvqs8b4w00000gn/T/cli_rl_env_stg3bn_t\nplugins: anyio-4.11.0, timeout-2.4.0\ntimeout: 10.0s\ntimeout method: signal\ntimeout func_only: False\ncollecting ... collected 5 items\n\ntest_string_utils.py::test_reverse_string PASSED                         [ 20%]\ntest_string_utils.py::test_is_palindrome FAILED                          [ 40%]\ntest_string_utils.py::test_count_vowels PASSED                           [ 60%]\ntest_string_utils.py::test_capitalize_words PASSED                       [ 80%]\ntest_string_utils.py::test_remove_whitespace PASSED                      [100%]\n\n=================================== FAILURES ===================================\n______________________________ test_is_palindrome ______________________________\ntest_string_utils.py:11: in test_is_palindrome\n    assert is_palindrome(\"racecar\") == True\nE   AssertionError: assert False == True\nE    +  where False = is_palindrome('racecar')\n=========================== short test summary info ============================\nFAILED test_string_utils.py::test_is_palindrome - AssertionError: assert Fals...\n========================= 1 failed, 4 passed in 0.01s ==========================\n",
          "exit_code": 1
        },
        "lint_results": {
          "success": false,
          "error_count": 5,
          "output": "string_utils.py:3:1: E302 expected 2 blank lines, found 1\nstring_utils.py:7:1: E302 expected 2 blank lines, found 1\nstring_utils.py:12:1: E302 expected 2 blank lines, found 1\nstring_utils.py:17:1: E302 expected 2 blank lines, found 1\nstring_utils.py:21:1: E302 expected 2 blank lines, found 1\n",
          "exit_code": 1
        },
        "execution_verification": {
          "files_modified": [],
          "files_created": [
            ".pytest_cache/CACHEDIR.TAG",
            ".pytest_cache/README.md",
            ".pytest_cache/.gitignore",
            "__pycache__/string_utils.cpython-312.pyc",
            "__pycache__/test_string_utils.cpython-312-pytest-8.4.2.pyc",
            ".pytest_cache/v/cache/nodeids",
            ".pytest_cache/v/cache/lastfailed"
          ],
          "files_deleted": [],
          "dirs_created": [
            ".pytest_cache",
            "__pycache__",
            ".pytest_cache/v",
            ".pytest_cache/v/cache"
          ],
          "dirs_deleted": [],
          "success": true
        }
      },
      "reward_breakdown": {
        "total_reward": 0.7999999999999999,
        "base_reward": 0.7999999999999999,
        "time_score": 1.0,
        "regression_score": 1.0,
        "actual_time": 0.27277612686157227,
        "estimated_time": 20.0,
        "breakdown": {
          "verification_score": 0.7999999999999999,
          "time_penalty": 0.0,
          "regression_penalty": 0.0
        }
      },
      "execution_results": {
        "results": [
          {
            "command": "python -m pytest -q",
            "success": false,
            "error": "Command execution failed: Command failed with code 1: .F...                                                                    [100%]\n=================================== FAILURES ===================================\n______________________________ test_is_palindrome ______________________________\n\n    def test_is_palindrome():\n>       assert is_palindrome(\"racecar\") == True\nE       AssertionError: assert False == True\nE        +  where False = is_palindrome('racecar')\n\ntest_string_utils.py:11: AssertionError\n=========================== short test sum",
            "time": 0.14177775382995605
          },
          {
            "command": "sed -i 's/!=/==/' string_utils.py",
            "success": false,
            "error": "Command execution failed: Command failed with code 1: \nSTDERR: sed: 1: \"string_utils.py\n\": unescaped newline inside substitute pattern\n",
            "time": 0.006484270095825195
          },
          {
            "command": "python -m pytest -q",
            "success": false,
            "error": "Command execution failed: Command failed with code 1: .F...                                                                    [100%]\n=================================== FAILURES ===================================\n______________________________ test_is_palindrome ______________________________\n\n    def test_is_palindrome():\n>       assert is_palindrome(\"racecar\") == True\nE       AssertionError: assert False == True\nE        +  where False = is_palindrome('racecar')\n\ntest_string_utils.py:11: AssertionError\n=========================== short test sum",
            "time": 0.11804008483886719
          },
          {
            "command": "cat string_utils.py",
            "success": true,
            "output": "\"\"\"String utility functions.\"\"\"\n\ndef reverse_string(s):\n    \"\"\"Reverse a string.\"\"\"\n    return s[::-1]\n\ndef is_palindrome(s):\n    \"\"\"Check if string is a palindrome.\"\"\"\n    cleaned = s.lower().replace(\" \", \"\")\n    return cleaned != cleaned[::-1]\n\ndef count_vowels(s):\n    \"\"\"Count vowels in a string.\"\"\"\n    vowels = \"aeiouAEIOU\"\n    return sum(1 for char in s if char in vowels)\n\ndef capitalize_words(s):\n    \"\"\"Capitalize first letter of each word.\"\"\"\n    return \" \".join(word.capitalize() for word in s.split())\n\ndef remove_whitespace(s):\n    \"\"\"Remove all whitespace from string.\"\"\"\n    return \"\".join(s.split())\n",
            "time": 0.006433010101318359
          }
        ],
        "total_time": 0.27277612686157227,
        "all_successful": false
      },
      "time_seconds": 7.717552900314331,
      "difficulty": "hard",
      "scenario_type": "string_utils"
    },
    {
      "scenario_id": "prompt_000004",
      "success": true,
      "num_commands": 3,
      "commands": [
        "ln -s config.dev.ini config.ini",
        "ls -l config.ini",
        "python3 app.py | grep dev_db"
      ],
      "verification": {
        "lint_results": {
          "success": true,
          "error_count": 0,
          "output": "",
          "exit_code": 0
        },
        "execution_verification": {
          "files_modified": [],
          "files_created": [
            "config.ini"
          ],
          "files_deleted": [],
          "dirs_created": [],
          "dirs_deleted": [],
          "success": true
        }
      },
      "reward_breakdown": {
        "total_reward": 1.0,
        "base_reward": 1.0,
        "time_score": 1.0,
        "regression_score": 1.0,
        "actual_time": 0.047608137130737305,
        "estimated_time": 5.0,
        "breakdown": {
          "verification_score": 1.0,
          "time_penalty": 0.0,
          "regression_penalty": 0.0
        }
      },
      "execution_results": {
        "results": [
          {
            "command": "ln -s config.dev.ini config.ini",
            "success": true,
            "output": "",
            "time": 0.012180089950561523
          },
          {
            "command": "ls -l config.ini",
            "success": true,
            "output": "lrwxr-xr-x@ 1 masoud  staff  14 Oct 31 13:32 config.ini -> config.dev.ini\n",
            "time": 0.010951042175292969
          },
          {
            "command": "python3 app.py | grep dev_db",
            "success": true,
            "output": "Database: dev_db\n",
            "time": 0.02445387840270996
          }
        ],
        "total_time": 0.047608137130737305,
        "all_successful": true
      },
      "time_seconds": 3.9478211402893066,
      "difficulty": "hard",
      "scenario_type": "symlinks"
    },
    {
      "scenario_id": "prompt_000118",
      "success": true,
      "num_commands": 2,
      "commands": [
        "awk '{print $1}' access.log | sort | uniq -c | sort -nr | head -n 3 | sed 's/^[ \\t]*//' > top_ips.txt",
        "cat top_ips.txt"
      ],
      "verification": {
        "execution_verification": {
          "files_modified": [],
          "files_created": [
            "top_ips.txt"
          ],
          "files_deleted": [],
          "dirs_created": [],
          "dirs_deleted": [],
          "success": true
        }
      },
      "reward_breakdown": {
        "total_reward": 1.0,
        "base_reward": 1.0,
        "time_score": 1.0,
        "regression_score": 1.0,
        "actual_time": 0.024541378021240234,
        "estimated_time": 5.0,
        "breakdown": {
          "verification_score": 1.0,
          "time_penalty": 0.0,
          "regression_penalty": 0.0
        }
      },
      "execution_results": {
        "results": [
          {
            "command": "awk '{print $1}' access.log | sort | uniq -c | sort -nr | head -n 3 | sed 's/^[ \\t]*//' > top_ips.txt",
            "success": true,
            "output": "",
            "time": 0.016150951385498047
          },
          {
            "command": "cat top_ips.txt",
            "success": true,
            "output": "3 192.168.1.10\n2 192.168.1.11\n1 192.168.1.12\n",
            "time": 0.008378744125366211
          }
        ],
        "total_time": 0.024541378021240234,
        "all_successful": true
      },
      "time_seconds": 5.582096099853516,
      "difficulty": "easy",
      "scenario_type": "data_pipeline"
    },
    {
      "scenario_id": "prompt_000534",
      "success": false,
      "num_commands": 9,
      "commands": [
        "git config user.name \"CI Runner\"",
        "git config user.email \"runner@example.com\"",
        "git init",
        "git add feature.py",
        "git commit -m \"Initial commit\"",
        "sed -i 's/v1/v2/' feature.py",
        "git add feature.py",
        "git commit -m \"Update version to v2\"",
        "git log --oneline"
      ],
      "verification": {
        "lint_results": {
          "success": true,
          "error_count": 0,
          "output": "",
          "exit_code": 0
        },
        "git_verification": {
          "has_expectations": true,
          "inside_work_tree": true,
          "commit_count": 1,
          "log_excerpt": "0bb738e Initial commit",
          "success": true,
          "required_commits": 1
        },
        "execution_verification": {
          "files_modified": [],
          "files_created": [
            ".git/config",
            ".git/HEAD",
            ".git/description",
            ".git/index",
            ".git/COMMIT_EDITMSG",
            ".git/info/exclude",
            ".git/logs/HEAD",
            ".git/hooks/commit-msg.sample",
            ".git/hooks/pre-rebase.sample",
            ".git/hooks/sendemail-validate.sample",
            ".git/hooks/pre-commit.sample",
            ".git/hooks/applypatch-msg.sample",
            ".git/hooks/fsmonitor-watchman.sample",
            ".git/hooks/pre-receive.sample",
            ".git/hooks/prepare-commit-msg.sample",
            ".git/hooks/post-update.sample",
            ".git/hooks/pre-merge-commit.sample",
            ".git/hooks/pre-applypatch.sample",
            ".git/hooks/pre-push.sample",
            ".git/hooks/update.sample",
            ".git/hooks/push-to-checkout.sample",
            ".git/objects/0b/b738e5702b2b2a1194ef06e29bc92afd121761",
            ".git/objects/07/60f2e4cf0b9107d61bafaac48c7b4cfdef10a7",
            ".git/objects/76/316f4862b14220b78c0b01daf2372a34a53ac5",
            ".git/logs/refs/heads/main",
            ".git/refs/heads/main"
          ],
          "files_deleted": [],
          "dirs_created": [
            ".git",
            ".git/objects",
            ".git/info",
            ".git/logs",
            ".git/hooks",
            ".git/refs",
            ".git/objects/0b",
            ".git/objects/pack",
            ".git/objects/07",
            ".git/objects/info",
            ".git/objects/76",
            ".git/logs/refs",
            ".git/refs/heads",
            ".git/refs/tags",
            ".git/logs/refs/heads"
          ],
          "dirs_deleted": [],
          "success": true
        }
      },
      "reward_breakdown": {
        "total_reward": 1.0,
        "base_reward": 1.0,
        "time_score": 1.0,
        "regression_score": 1.0,
        "actual_time": 0.14096999168395996,
        "estimated_time": 5.0,
        "breakdown": {
          "verification_score": 1.0,
          "time_penalty": 0.0,
          "regression_penalty": 0.0
        }
      },
      "execution_results": {
        "results": [
          {
            "command": "git config user.name \"CI Runner\"",
            "success": false,
            "error": "Command execution failed: Command failed with code 128: \nSTDERR: fatal: not in a git directory\n",
            "time": 0.022794008255004883
          },
          {
            "command": "git config user.email \"runner@example.com\"",
            "success": false,
            "error": "Command execution failed: Command failed with code 128: \nSTDERR: fatal: not in a git directory\n",
            "time": 0.012399911880493164
          },
          {
            "command": "git init",
            "success": true,
            "output": "Initialized empty Git repository in /private/var/folders/zp/bbktq6x94hz_t85nvqs8b4w00000gn/T/cli_rl_env_65km7nvd/.git/\n",
            "time": 0.018740177154541016
          },
          {
            "command": "git add feature.py",
            "success": true,
            "output": "",
            "time": 0.01308894157409668
          },
          {
            "command": "git commit -m \"Initial commit\"",
            "success": true,
            "output": "[main (root-commit) 0bb738e] Initial commit\n Committer: Masoud Hashemi <masoud@Masouds-MacBook-Pro.local>\nYour name and email address were configured automatically based\non your username and hostname. Please check that they are accurate.\nYou can suppress this message by setting them explicitly. Run the\nfollowing command and follow the instructions in your editor to edit\nyour configuration file:\n\n    git config --global --edit\n\nAfter doing this, you may fix the identity used for this commit with:\n\n    git commit --amend --reset-author\n\n 1 file changed, 2 insertions(+)\n create mode 100644 feature.py\n",
            "time": 0.03449892997741699
          },
          {
            "command": "sed -i 's/v1/v2/' feature.py",
            "success": false,
            "error": "Command execution failed: Command failed with code 1: \nSTDERR: sed: 1: \"feature.py\n\": invalid command code f\n",
            "time": 0.005933046340942383
          },
          {
            "command": "git add feature.py",
            "success": true,
            "output": "",
            "time": 0.011234045028686523
          },
          {
            "command": "git commit -m \"Update version to v2\"",
            "success": false,
            "error": "Command execution failed: Command failed with code 1: On branch main\nnothing to commit, working tree clean\n",
            "time": 0.01185917854309082
          },
          {
            "command": "git log --oneline",
            "success": true,
            "output": "0bb738e Initial commit\n",
            "time": 0.010352134704589844
          }
        ],
        "total_time": 0.14096999168395996,
        "all_successful": false
      },
      "time_seconds": 5.194665908813477,
      "difficulty": "easy",
      "scenario_type": "git"
    },
    {
      "scenario_id": "prompt_000970",
      "success": false,
      "num_commands": 0,
      "commands": [],
      "verification": {
        "parse_error_verification": {
          "success": false,
          "error": "Failed to parse model response"
        }
      },
      "time_seconds": 38.154762983322144,
      "difficulty": "hard",
      "scenario_type": "awk_cut",
      "error": "Failed to parse model response"
    },
    {
      "scenario_id": "prompt_000730",
      "success": true,
      "num_commands": 4,
      "commands": [
        "printf '\"\"\"Process CSV data.\"\"\"\\n\\n' > processor.py",
        "printf 'def process_data(filename):\\n    total = 0\\n    with open(filename) as f:\\n        next(f)\\n        for line in f:\\n            parts = line.strip().split(\",\")\\n            total += int(parts[2])\\n    return total\\n' >> processor.py",
        "cat processor.py",
        "python -m pytest test_processor.py"
      ],
      "verification": {
        "test_results": {
          "success": true,
          "passed": 1,
          "failed": 0,
          "total": 1,
          "output": "============================= test session starts ==============================\nplatform darwin -- Python 3.12.11, pytest-8.4.2, pluggy-1.6.0 -- /Users/masoud/Documents/Repos/cli-rl-env/.venv/bin/python\ncachedir: .pytest_cache\nrootdir: /private/var/folders/zp/bbktq6x94hz_t85nvqs8b4w00000gn/T/cli_rl_env_fmw4giow\nplugins: anyio-4.11.0, timeout-2.4.0\ntimeout: 10.0s\ntimeout method: signal\ntimeout func_only: False\ncollecting ... collected 1 item\n\ntest_processor.py::test_process PASSED                                   [100%]\n\n============================== 1 passed in 0.00s ===============================\n",
          "exit_code": 0
        },
        "lint_results": {
          "success": false,
          "error_count": 1,
          "output": "processor.py:3:1: E302 expected 2 blank lines, found 1\n",
          "exit_code": 1
        },
        "execution_verification": {
          "files_modified": [
            "processor.py"
          ],
          "files_created": [
            ".pytest_cache/CACHEDIR.TAG",
            ".pytest_cache/README.md",
            ".pytest_cache/.gitignore",
            "__pycache__/processor.cpython-312.pyc",
            "__pycache__/test_processor.cpython-312-pytest-8.4.2.pyc",
            ".pytest_cache/v/cache/nodeids"
          ],
          "files_deleted": [],
          "dirs_created": [
            ".pytest_cache",
            "__pycache__",
            ".pytest_cache/v",
            ".pytest_cache/v/cache"
          ],
          "dirs_deleted": [],
          "success": true
        }
      },
      "reward_breakdown": {
        "total_reward": 0.9894736842105263,
        "base_reward": 0.9894736842105263,
        "time_score": 1.0,
        "regression_score": 1.0,
        "actual_time": 0.144118070602417,
        "estimated_time": 5.0,
        "breakdown": {
          "verification_score": 0.9894736842105263,
          "time_penalty": 0.0,
          "regression_penalty": 0.0
        }
      },
      "execution_results": {
        "results": [
          {
            "command": "printf '\"\"\"Process CSV data.\"\"\"\\n\\n' > processor.py",
            "success": true,
            "output": "",
            "time": 0.009979963302612305
          },
          {
            "command": "printf 'def process_data(filename):\\n    total = 0\\n    with open(filename) as f:\\n        next(f)\\n        for line in f:\\n            parts = line.strip().split(\",\")\\n            total += int(parts[2])\\n    return total\\n' >> processor.py",
            "success": true,
            "output": "",
            "time": 0.008373737335205078
          },
          {
            "command": "cat processor.py",
            "success": true,
            "output": "\"\"\"Process CSV data.\"\"\"\n\ndef process_data(filename):\n    total = 0\n    with open(filename) as f:\n        next(f)\n        for line in f:\n            parts = line.strip().split(\",\")\n            total += int(parts[2])\n    return total\n",
            "time": 0.007623910903930664
          },
          {
            "command": "python -m pytest test_processor.py",
            "success": true,
            "output": "============================= test session starts ==============================\nplatform darwin -- Python 3.12.11, pytest-8.4.2, pluggy-1.6.0\nrootdir: /private/var/folders/zp/bbktq6x94hz_t85nvqs8b4w00000gn/T/cli_rl_env_fmw4giow\nplugins: anyio-4.11.0, timeout-2.4.0\ncollected 1 item\n\ntest_processor.py .                                                      [100%]\n\n============================== 1 passed in 0.00s ===============================\n",
            "time": 0.1181187629699707
          }
        ],
        "total_time": 0.144118070602417,
        "all_successful": true
      },
      "time_seconds": 16.960999965667725,
      "difficulty": "hard",
      "scenario_type": "awk_cut"
    }
  ],
  "timestamp": "2025-10-31 13:33:30"
}