{
  "model_config": {
    "model_name": "openai/gpt-oss-20b",
    "api_base": "http://localhost:1234/v1",
    "api_key": "lm-studio",
    "temperature": 0.3,
    "max_tokens": 16000,
    "timeout": 120
  },
  "summary": {
    "total": 10,
    "passed": 6,
    "failed": 4,
    "pass_rate": 60.0,
    "avg_commands": 3.5,
    "avg_time": 9.759129095077515,
    "by_difficulty": {
      "hard": {
        "total": 6,
        "passed": 4,
        "pass_rate": 66.66666666666666
      },
      "very_hard": {
        "total": 2,
        "passed": 0,
        "pass_rate": 0.0
      },
      "easy": {
        "total": 2,
        "passed": 2,
        "pass_rate": 100.0
      }
    },
    "by_type": {
      "permissions": {
        "total": 1,
        "passed": 1,
        "pass_rate": 100.0
      },
      "config_editing": {
        "total": 1,
        "passed": 1,
        "pass_rate": 100.0
      },
      "data_processor": {
        "total": 1,
        "passed": 0,
        "pass_rate": 0.0
      },
      "array_ops": {
        "total": 1,
        "passed": 0,
        "pass_rate": 0.0
      },
      "string_utils": {
        "total": 1,
        "passed": 0,
        "pass_rate": 0.0
      },
      "symlinks": {
        "total": 1,
        "passed": 1,
        "pass_rate": 100.0
      },
      "data_pipeline": {
        "total": 1,
        "passed": 1,
        "pass_rate": 100.0
      },
      "git": {
        "total": 1,
        "passed": 1,
        "pass_rate": 100.0
      },
      "awk_cut": {
        "total": 2,
        "passed": 1,
        "pass_rate": 50.0
      }
    }
  },
  "results": [
    {
      "scenario_id": "prompt_000608",
      "success": true,
      "num_commands": 4,
      "commands": [
        "chmod +x deploy.sh",
        "chmod +x deploy.py",
        "chmod a-w README.md",
        "ls -l deploy.sh deploy.py README.md"
      ],
      "verification": {
        "lint_results": {
          "success": true,
          "error_count": 0,
          "output": "",
          "exit_code": 0
        },
        "permissions_verification": {
          "expected_exec": [
            "deploy.sh",
            "deploy.py"
          ],
          "expected_readonly": [
            "README.md"
          ],
          "exec_ok": [
            "deploy.sh",
            "deploy.py"
          ],
          "exec_fail": [],
          "readonly_ok": [
            "README.md"
          ],
          "readonly_fail": [],
          "has_expectations": true,
          "success": true
        },
        "execution_verification": {
          "files_modified": [],
          "files_created": [],
          "files_deleted": [],
          "dirs_created": [],
          "dirs_deleted": [],
          "success": false
        }
      },
      "reward_breakdown": {
        "total_reward": 0.9285714285714285,
        "base_reward": 0.9285714285714285,
        "time_score": 1.0,
        "regression_score": 1.0,
        "actual_time": 0.03353595733642578,
        "estimated_time": 5.0,
        "breakdown": {
          "verification_score": 0.9285714285714285,
          "time_penalty": 0.0,
          "regression_penalty": 0.0
        }
      },
      "execution_results": {
        "results": [
          {
            "command": "chmod +x deploy.sh",
            "success": true,
            "output": "",
            "time": 0.009303092956542969
          },
          {
            "command": "chmod +x deploy.py",
            "success": true,
            "output": "",
            "time": 0.007912874221801758
          },
          {
            "command": "chmod a-w README.md",
            "success": true,
            "output": "",
            "time": 0.007849931716918945
          },
          {
            "command": "ls -l deploy.sh deploy.py README.md",
            "success": true,
            "output": "-rwx--x--x@ 1 masoud  staff  57 Oct 31 18:05 deploy.py\n-rwx--x--x@ 1 masoud  staff  48 Oct 31 18:05 deploy.sh\n-r--------@ 1 masoud  staff  57 Oct 31 18:05 README.md\n",
            "time": 0.008442163467407227
          }
        ],
        "total_time": 0.03353595733642578,
        "all_successful": true
      },
      "time_seconds": 4.3477699756622314,
      "difficulty": "hard",
      "scenario_type": "permissions"
    },
    {
      "scenario_id": "prompt_000868",
      "success": true,
      "num_commands": 3,
      "commands": [
        "printf '# Updated for development\\n' > tmp && cat config.env >> tmp",
        "sed -i '' -e 's/^DEBUG=false/DEBUG=true/' -e 's/^LOG_LEVEL=info/LOG_LEVEL=debug/' -e 's/^CACHE_ENABLED=false/CACHE_ENABLED=true/' -e 's/^API_KEY=.*$/API_KEY=new_key_67890/' tmp && mv tmp config.env",
        "cat config.env"
      ],
      "verification": {
        "execution_verification": {
          "files_modified": [
            "config.env"
          ],
          "files_created": [],
          "files_deleted": [],
          "dirs_created": [],
          "dirs_deleted": [],
          "success": true
        }
      },
      "reward_breakdown": {
        "total_reward": 1.0,
        "base_reward": 1.0,
        "time_score": 1.0,
        "regression_score": 1.0,
        "actual_time": 0.03914904594421387,
        "estimated_time": 5.0,
        "breakdown": {
          "verification_score": 1.0,
          "time_penalty": 0.0,
          "regression_penalty": 0.0
        }
      },
      "execution_results": {
        "results": [
          {
            "command": "printf '# Updated for development\\n' > tmp && cat config.env >> tmp",
            "success": true,
            "output": "",
            "time": 0.012412071228027344
          },
          {
            "command": "sed -i '' -e 's/^DEBUG=false/DEBUG=true/' -e 's/^LOG_LEVEL=info/LOG_LEVEL=debug/' -e 's/^CACHE_ENABLED=false/CACHE_ENABLED=true/' -e 's/^API_KEY=.*$/API_KEY=new_key_67890/' tmp && mv tmp config.env",
            "success": true,
            "output": "",
            "time": 0.01859283447265625
          },
          {
            "command": "cat config.env",
            "success": true,
            "output": "# Updated for development\n# Application Configuration\nDEBUG=true\nLOG_LEVEL=debug\nDATABASE_HOST=localhost\nDATABASE_PORT=5432\n# API Configuration\nAPI_KEY=new_key_67890\nAPI_TIMEOUT=30\n# Cache Settings\nCACHE_ENABLED=true\nCACHE_TTL=3600\n",
            "time": 0.008124828338623047
          }
        ],
        "total_time": 0.03914904594421387,
        "all_successful": true
      },
      "time_seconds": 16.819711208343506,
      "difficulty": "hard",
      "scenario_type": "config_editing"
    },
    {
      "scenario_id": "prompt_000703",
      "success": false,
      "num_commands": 2,
      "commands": [
        "sed -i '' -e 's/^def filter_positive(numbers)$/def filter_positive(numbers):/' data_processor.py",
        "python3 -m unittest discover"
      ],
      "verification": {
        "test_results": {
          "success": true,
          "passed": 5,
          "failed": 0,
          "total": 5,
          "output": "============================= test session starts ==============================\nplatform darwin -- Python 3.12.11, pytest-8.4.2, pluggy-1.6.0 -- /Users/masoud/Documents/Repos/cli-rl-env/.venv/bin/python\ncachedir: .pytest_cache\nrootdir: /private/var/folders/zp/bbktq6x94hz_t85nvqs8b4w00000gn/T/cli_rl_env_adi7p69l\nplugins: anyio-4.11.0, timeout-2.4.0\ntimeout: 10.0s\ntimeout method: signal\ntimeout func_only: False\ncollecting ... collected 5 items\n\ntest_data_processor.py::test_filter_positive PASSED                      [ 20%]\ntest_data_processor.py::test_sum_even PASSED                             [ 40%]\ntest_data_processor.py::test_find_max PASSED                             [ 60%]\ntest_data_processor.py::test_average PASSED                              [ 80%]\ntest_data_processor.py::test_remove_duplicates PASSED                    [100%]\n\n============================== 5 passed in 0.01s ===============================\n",
          "exit_code": 0
        },
        "lint_results": {
          "success": false,
          "error_count": 5,
          "output": "data_processor.py:3:1: E302 expected 2 blank lines, found 1\ndata_processor.py:7:1: E302 expected 2 blank lines, found 1\ndata_processor.py:11:1: E302 expected 2 blank lines, found 1\ndata_processor.py:17:1: E302 expected 2 blank lines, found 1\ndata_processor.py:23:1: E302 expected 2 blank lines, found 1\n",
          "exit_code": 1
        },
        "execution_verification": {
          "files_modified": [
            "data_processor.py"
          ],
          "files_created": [
            ".pytest_cache/CACHEDIR.TAG",
            ".pytest_cache/README.md",
            ".pytest_cache/.gitignore",
            "__pycache__/data_processor.cpython-312.pyc",
            "__pycache__/test_data_processor.cpython-312.pyc",
            ".pytest_cache/v/cache/nodeids"
          ],
          "files_deleted": [],
          "dirs_created": [
            ".pytest_cache",
            "__pycache__",
            ".pytest_cache/v",
            ".pytest_cache/v/cache"
          ],
          "dirs_deleted": [],
          "success": true
        }
      },
      "reward_breakdown": {
        "total_reward": 0.9473684210526315,
        "base_reward": 0.9473684210526315,
        "time_score": 1.0,
        "regression_score": 1.0,
        "actual_time": 0.05250215530395508,
        "estimated_time": 5.0,
        "breakdown": {
          "verification_score": 0.9473684210526315,
          "time_penalty": 0.0,
          "regression_penalty": 0.0
        }
      },
      "execution_results": {
        "results": [
          {
            "command": "sed -i '' -e 's/^def filter_positive(numbers)$/def filter_positive(numbers):/' data_processor.py",
            "success": true,
            "output": "",
            "time": 0.01318502426147461
          },
          {
            "command": "python3 -m unittest discover",
            "success": false,
            "error": "Command execution failed: Command failed with code 5: \nSTDERR: \n----------------------------------------------------------------------\nRan 0 tests in 0.000s\n\nNO TESTS RAN\n",
            "time": 0.03930497169494629
          }
        ],
        "total_time": 0.05250215530395508,
        "all_successful": false
      },
      "time_seconds": 10.777354001998901,
      "difficulty": "very_hard",
      "scenario_type": "data_processor"
    },
    {
      "scenario_id": "prompt_000045",
      "success": false,
      "num_commands": 4,
      "commands": [
        "node test_array_ops.js",
        "sed -i '' -e 's/return arr.reduce((a, b) => a - b, 0);/return arr.reduce((a, b) => a + b, 0);/' array_ops.js",
        "sed -i '' -e 's/if (arr.length !== 0) return null;/if (arr.length === 0) return null;/' array_ops.js",
        "node test_array_ops.js"
      ],
      "verification": {
        "test_results": {
          "success": true,
          "passed": 5,
          "failed": 0,
          "total": 5,
          "output": "\u2713 test_sum passed\n\u2713 test_findMax passed\n\u2713 test_removeDuplicates passed\n\u2713 test_flatten passed\n\u2713 test_chunk passed\nAll tests passed!\n",
          "exit_code": 0
        },
        "lint_results": {
          "success": true,
          "output": "",
          "exit_code": 0,
          "error_count": 0
        },
        "execution_verification": {
          "files_modified": [
            "array_ops.js"
          ],
          "files_created": [],
          "files_deleted": [],
          "dirs_created": [],
          "dirs_deleted": [],
          "success": true
        }
      },
      "reward_breakdown": {
        "total_reward": 1.0,
        "base_reward": 1.0,
        "time_score": 1.0,
        "regression_score": 1.0,
        "actual_time": 0.08210372924804688,
        "estimated_time": 10.0,
        "breakdown": {
          "verification_score": 1.0,
          "time_penalty": 0.0,
          "regression_penalty": 0.0
        }
      },
      "execution_results": {
        "results": [
          {
            "command": "node test_array_ops.js",
            "success": false,
            "error": "Command execution failed: Command failed with code 1: \nSTDERR: Test failed: sum([1, 2, 3, 4, 5]): expected 15, got -15\n",
            "time": 0.04125833511352539
          },
          {
            "command": "sed -i '' -e 's/return arr.reduce((a, b) => a - b, 0);/return arr.reduce((a, b) => a + b, 0);/' array_ops.js",
            "success": true,
            "output": "",
            "time": 0.00774383544921875
          },
          {
            "command": "sed -i '' -e 's/if (arr.length !== 0) return null;/if (arr.length === 0) return null;/' array_ops.js",
            "success": true,
            "output": "",
            "time": 0.006473064422607422
          },
          {
            "command": "node test_array_ops.js",
            "success": true,
            "output": "\u2713 test_sum passed\n\u2713 test_findMax passed\n\u2713 test_removeDuplicates passed\n\u2713 test_flatten passed\n\u2713 test_chunk passed\nAll tests passed!\n",
            "time": 0.026609182357788086
          }
        ],
        "total_time": 0.08210372924804688,
        "all_successful": false
      },
      "time_seconds": 11.516788005828857,
      "difficulty": "very_hard",
      "scenario_type": "array_ops"
    },
    {
      "scenario_id": "prompt_000318",
      "success": false,
      "num_commands": 2,
      "commands": [
        "sed -i '' -e 's/return cleaned != cleaned[::-1]/return cleaned == cleaned[::-1]/' string_utils.py",
        "pytest test_string_utils.py"
      ],
      "verification": {
        "test_results": {
          "success": false,
          "passed": 4,
          "failed": 1,
          "total": 5,
          "output": "============================= test session starts ==============================\nplatform darwin -- Python 3.12.11, pytest-8.4.2, pluggy-1.6.0 -- /Users/masoud/Documents/Repos/cli-rl-env/.venv/bin/python\ncachedir: .pytest_cache\nrootdir: /private/var/folders/zp/bbktq6x94hz_t85nvqs8b4w00000gn/T/cli_rl_env_vmn056lf\nplugins: anyio-4.11.0, timeout-2.4.0\ntimeout: 10.0s\ntimeout method: signal\ntimeout func_only: False\ncollecting ... collected 5 items\n\ntest_string_utils.py::test_reverse_string PASSED                         [ 20%]\ntest_string_utils.py::test_is_palindrome FAILED                          [ 40%]\ntest_string_utils.py::test_count_vowels PASSED                           [ 60%]\ntest_string_utils.py::test_capitalize_words PASSED                       [ 80%]\ntest_string_utils.py::test_remove_whitespace PASSED                      [100%]\n\n=================================== FAILURES ===================================\n______________________________ test_is_palindrome ______________________________\ntest_string_utils.py:11: in test_is_palindrome\n    assert is_palindrome(\"racecar\") == True\nE   AssertionError: assert False == True\nE    +  where False = is_palindrome('racecar')\n=========================== short test summary info ============================\nFAILED test_string_utils.py::test_is_palindrome - AssertionError: assert Fals...\n========================= 1 failed, 4 passed in 0.01s ==========================\n",
          "exit_code": 1
        },
        "lint_results": {
          "success": false,
          "error_count": 5,
          "output": "string_utils.py:3:1: E302 expected 2 blank lines, found 1\nstring_utils.py:7:1: E302 expected 2 blank lines, found 1\nstring_utils.py:12:1: E302 expected 2 blank lines, found 1\nstring_utils.py:17:1: E302 expected 2 blank lines, found 1\nstring_utils.py:21:1: E302 expected 2 blank lines, found 1\n",
          "exit_code": 1
        },
        "execution_verification": {
          "files_modified": [],
          "files_created": [
            ".pytest_cache/CACHEDIR.TAG",
            ".pytest_cache/README.md",
            ".pytest_cache/.gitignore",
            "__pycache__/string_utils.cpython-312.pyc",
            "__pycache__/test_string_utils.cpython-312-pytest-8.4.2.pyc",
            ".pytest_cache/v/cache/nodeids",
            ".pytest_cache/v/cache/lastfailed"
          ],
          "files_deleted": [],
          "dirs_created": [
            ".pytest_cache",
            "__pycache__",
            ".pytest_cache/v",
            ".pytest_cache/v/cache"
          ],
          "dirs_deleted": [],
          "success": true
        }
      },
      "reward_breakdown": {
        "total_reward": 0.7999999999999999,
        "base_reward": 0.7999999999999999,
        "time_score": 1.0,
        "regression_score": 1.0,
        "actual_time": 0.14600610733032227,
        "estimated_time": 5.0,
        "breakdown": {
          "verification_score": 0.7999999999999999,
          "time_penalty": 0.0,
          "regression_penalty": 0.0
        }
      },
      "execution_results": {
        "results": [
          {
            "command": "sed -i '' -e 's/return cleaned != cleaned[::-1]/return cleaned == cleaned[::-1]/' string_utils.py",
            "success": true,
            "output": "",
            "time": 0.011257648468017578
          },
          {
            "command": "pytest test_string_utils.py",
            "success": false,
            "error": "Command execution failed: Command failed with code 1: ============================= test session starts ==============================\nplatform darwin -- Python 3.12.11, pytest-8.4.2, pluggy-1.6.0\nrootdir: /private/var/folders/zp/bbktq6x94hz_t85nvqs8b4w00000gn/T/cli_rl_env_vmn056lf\nplugins: anyio-4.11.0, timeout-2.4.0\ncollected 5 items\n\ntest_string_utils.py .F...                                               [100%]\n\n=================================== FAILURES ===================================\n______________________________ test_is_palindrome ___",
            "time": 0.13472199440002441
          }
        ],
        "total_time": 0.14600610733032227,
        "all_successful": false
      },
      "time_seconds": 7.041980028152466,
      "difficulty": "hard",
      "scenario_type": "string_utils"
    },
    {
      "scenario_id": "prompt_000004",
      "success": true,
      "num_commands": 3,
      "commands": [
        "ln -s config.dev.ini config.ini",
        "python3 app.py | grep -q 'dev_db' && echo \"Test passed\" || echo \"Test failed\"",
        "ls -l config.ini"
      ],
      "verification": {
        "lint_results": {
          "success": true,
          "error_count": 0,
          "output": "",
          "exit_code": 0
        },
        "execution_verification": {
          "files_modified": [],
          "files_created": [
            "config.ini"
          ],
          "files_deleted": [],
          "dirs_created": [],
          "dirs_deleted": [],
          "success": true
        }
      },
      "reward_breakdown": {
        "total_reward": 1.0,
        "base_reward": 1.0,
        "time_score": 1.0,
        "regression_score": 1.0,
        "actual_time": 0.0496828556060791,
        "estimated_time": 5.0,
        "breakdown": {
          "verification_score": 1.0,
          "time_penalty": 0.0,
          "regression_penalty": 0.0
        }
      },
      "execution_results": {
        "results": [
          {
            "command": "ln -s config.dev.ini config.ini",
            "success": true,
            "output": "",
            "time": 0.013671875
          },
          {
            "command": "python3 app.py | grep -q 'dev_db' && echo \"Test passed\" || echo \"Test failed\"",
            "success": true,
            "output": "Test passed\n",
            "time": 0.02720928192138672
          },
          {
            "command": "ls -l config.ini",
            "success": true,
            "output": "lrwxr-xr-x@ 1 masoud  staff  14 Oct 31 18:06 config.ini -> config.dev.ini\n",
            "time": 0.008785247802734375
          }
        ],
        "total_time": 0.0496828556060791,
        "all_successful": true
      },
      "time_seconds": 5.817878723144531,
      "difficulty": "hard",
      "scenario_type": "symlinks"
    },
    {
      "scenario_id": "prompt_000118",
      "success": true,
      "num_commands": 3,
      "commands": [
        "ls -l access.log",
        "awk '{print $1}' access.log | sort | uniq -c | sort -nr | head -n 3 > top_ips.txt",
        "cat top_ips.txt"
      ],
      "verification": {
        "execution_verification": {
          "files_modified": [],
          "files_created": [
            "top_ips.txt"
          ],
          "files_deleted": [],
          "dirs_created": [],
          "dirs_deleted": [],
          "success": true
        }
      },
      "reward_breakdown": {
        "total_reward": 1.0,
        "base_reward": 1.0,
        "time_score": 1.0,
        "regression_score": 1.0,
        "actual_time": 0.03196001052856445,
        "estimated_time": 5.0,
        "breakdown": {
          "verification_score": 1.0,
          "time_penalty": 0.0,
          "regression_penalty": 0.0
        }
      },
      "execution_results": {
        "results": [
          {
            "command": "ls -l access.log",
            "success": true,
            "output": "-rw-------@ 1 masoud  staff  453 Oct 31 18:06 access.log\n",
            "time": 0.015199899673461914
          },
          {
            "command": "awk '{print $1}' access.log | sort | uniq -c | sort -nr | head -n 3 > top_ips.txt",
            "success": true,
            "output": "",
            "time": 0.010576009750366211
          },
          {
            "command": "cat top_ips.txt",
            "success": true,
            "output": "   3 192.168.1.10\n   2 192.168.1.11\n   1 192.168.1.12\n",
            "time": 0.006165027618408203
          }
        ],
        "total_time": 0.03196001052856445,
        "all_successful": true
      },
      "time_seconds": 5.598094940185547,
      "difficulty": "easy",
      "scenario_type": "data_pipeline"
    },
    {
      "scenario_id": "prompt_000534",
      "success": true,
      "num_commands": 10,
      "commands": [
        "git init",
        "git add feature.py",
        "git config user.name \"CI Runner\"",
        "git config user.email \"runner@example.com\"",
        "git commit -m \"Initial commit of feature.py\"",
        "sed -i '' -e 's/\\\"v1\\\"/\\\"v2\\\"/' feature.py",
        "git add feature.py",
        "git commit -m \"Update version to v2\"",
        "cat feature.py",
        "git log --oneline"
      ],
      "verification": {
        "lint_results": {
          "success": true,
          "error_count": 0,
          "output": "",
          "exit_code": 0
        },
        "git_verification": {
          "has_expectations": true,
          "inside_work_tree": true,
          "commit_count": 2,
          "log_excerpt": "145ce8b Update version to v2\n7b0a973 Initial commit of feature.py",
          "success": true,
          "required_commits": 1
        },
        "execution_verification": {
          "files_modified": [
            "feature.py"
          ],
          "files_created": [
            ".git/config",
            ".git/HEAD",
            ".git/description",
            ".git/index",
            ".git/COMMIT_EDITMSG",
            ".git/info/exclude",
            ".git/logs/HEAD",
            ".git/hooks/commit-msg.sample",
            ".git/hooks/pre-rebase.sample",
            ".git/hooks/sendemail-validate.sample",
            ".git/hooks/pre-commit.sample",
            ".git/hooks/applypatch-msg.sample",
            ".git/hooks/fsmonitor-watchman.sample",
            ".git/hooks/pre-receive.sample",
            ".git/hooks/prepare-commit-msg.sample",
            ".git/hooks/post-update.sample",
            ".git/hooks/pre-merge-commit.sample",
            ".git/hooks/pre-applypatch.sample",
            ".git/hooks/pre-push.sample",
            ".git/hooks/update.sample",
            ".git/hooks/push-to-checkout.sample",
            ".git/objects/67/ee470b83cd490594849621d47226e7b8ba2922",
            ".git/objects/e2/eb221a6ae6679a6e66d94fd380e9b8291fe414",
            ".git/objects/7b/0a973b7325a3ccf3b0c1ccf4e0b72aeaa58105",
            ".git/objects/07/60f2e4cf0b9107d61bafaac48c7b4cfdef10a7",
            ".git/objects/76/316f4862b14220b78c0b01daf2372a34a53ac5",
            ".git/objects/14/5ce8b3304d7c3e5bc9c8cecfe639876704e136",
            ".git/logs/refs/heads/main",
            ".git/refs/heads/main"
          ],
          "files_deleted": [],
          "dirs_created": [
            ".git",
            ".git/objects",
            ".git/info",
            ".git/logs",
            ".git/hooks",
            ".git/refs",
            ".git/objects/67",
            ".git/objects/e2",
            ".git/objects/pack",
            ".git/objects/7b",
            ".git/objects/07",
            ".git/objects/info",
            ".git/objects/76",
            ".git/objects/14",
            ".git/logs/refs",
            ".git/refs/heads",
            ".git/refs/tags",
            ".git/logs/refs/heads"
          ],
          "dirs_deleted": [],
          "success": true
        }
      },
      "reward_breakdown": {
        "total_reward": 1.0,
        "base_reward": 1.0,
        "time_score": 1.0,
        "regression_score": 1.0,
        "actual_time": 0.13176512718200684,
        "estimated_time": 5.0,
        "breakdown": {
          "verification_score": 1.0,
          "time_penalty": 0.0,
          "regression_penalty": 0.0
        }
      },
      "execution_results": {
        "results": [
          {
            "command": "git init",
            "success": true,
            "output": "Initialized empty Git repository in /private/var/folders/zp/bbktq6x94hz_t85nvqs8b4w00000gn/T/cli_rl_env_47xpr1l6/.git/\n",
            "time": 0.02707815170288086
          },
          {
            "command": "git add feature.py",
            "success": true,
            "output": "",
            "time": 0.014182090759277344
          },
          {
            "command": "git config user.name \"CI Runner\"",
            "success": true,
            "output": "",
            "time": 0.013175010681152344
          },
          {
            "command": "git config user.email \"runner@example.com\"",
            "success": true,
            "output": "",
            "time": 0.011616945266723633
          },
          {
            "command": "git commit -m \"Initial commit of feature.py\"",
            "success": true,
            "output": "[main (root-commit) 7b0a973] Initial commit of feature.py\n 1 file changed, 2 insertions(+)\n create mode 100644 feature.py\n",
            "time": 0.016720056533813477
          },
          {
            "command": "sed -i '' -e 's/\\\"v1\\\"/\\\"v2\\\"/' feature.py",
            "success": true,
            "output": "",
            "time": 0.005604982376098633
          },
          {
            "command": "git add feature.py",
            "success": true,
            "output": "",
            "time": 0.011352062225341797
          },
          {
            "command": "git commit -m \"Update version to v2\"",
            "success": true,
            "output": "[main 145ce8b] Update version to v2\n 1 file changed, 1 insertion(+), 1 deletion(-)\n",
            "time": 0.01616692543029785
          },
          {
            "command": "cat feature.py",
            "success": true,
            "output": "def feature():\n    return \"v2\"  # Update to v2\n",
            "time": 0.005127906799316406
          },
          {
            "command": "git log --oneline",
            "success": true,
            "output": "145ce8b Update version to v2\n7b0a973 Initial commit of feature.py\n",
            "time": 0.010695934295654297
          }
        ],
        "total_time": 0.13176512718200684,
        "all_successful": true
      },
      "time_seconds": 4.587166786193848,
      "difficulty": "easy",
      "scenario_type": "git"
    },
    {
      "scenario_id": "prompt_000970",
      "success": true,
      "num_commands": 2,
      "commands": [
        "printf '\"\"\"Process CSV data.\"\"\"\\n\\n\\ndef process_data(filename):\\n    total = 0\\n    with open(filename) as f:\\n        for line in f:\\n            if line.startswith(\"name\"):\\n                continue\\n            parts = line.strip().split(\",\")\\n            total += int(parts[2])\\n    return total\\n' > processor.py",
        "python3 -m pytest test_processor.py"
      ],
      "verification": {
        "test_results": {
          "success": true,
          "passed": 1,
          "failed": 0,
          "total": 1,
          "output": "============================= test session starts ==============================\nplatform darwin -- Python 3.12.11, pytest-8.4.2, pluggy-1.6.0 -- /Users/masoud/Documents/Repos/cli-rl-env/.venv/bin/python\ncachedir: .pytest_cache\nrootdir: /private/var/folders/zp/bbktq6x94hz_t85nvqs8b4w00000gn/T/cli_rl_env_hjfxi3d4\nplugins: anyio-4.11.0, timeout-2.4.0\ntimeout: 10.0s\ntimeout method: signal\ntimeout func_only: False\ncollecting ... collected 1 item\n\ntest_processor.py::test_process PASSED                                   [100%]\n\n============================== 1 passed in 0.00s ===============================\n",
          "exit_code": 0
        },
        "lint_results": {
          "success": true,
          "error_count": 0,
          "output": "",
          "exit_code": 0
        },
        "execution_verification": {
          "files_modified": [
            "processor.py"
          ],
          "files_created": [
            ".pytest_cache/CACHEDIR.TAG",
            ".pytest_cache/README.md",
            ".pytest_cache/.gitignore",
            "__pycache__/processor.cpython-312.pyc",
            "__pycache__/test_processor.cpython-312-pytest-8.4.2.pyc",
            ".pytest_cache/v/cache/nodeids"
          ],
          "files_deleted": [],
          "dirs_created": [
            ".pytest_cache",
            "__pycache__",
            ".pytest_cache/v",
            ".pytest_cache/v/cache"
          ],
          "dirs_deleted": [],
          "success": true
        }
      },
      "reward_breakdown": {
        "total_reward": 1.0,
        "base_reward": 1.0,
        "time_score": 1.0,
        "regression_score": 1.0,
        "actual_time": 0.1359107494354248,
        "estimated_time": 5.0,
        "breakdown": {
          "verification_score": 1.0,
          "time_penalty": 0.0,
          "regression_penalty": 0.0
        }
      },
      "execution_results": {
        "results": [
          {
            "command": "printf '\"\"\"Process CSV data.\"\"\"\\n\\n\\ndef process_data(filename):\\n    total = 0\\n    with open(filename) as f:\\n        for line in f:\\n            if line.startswith(\"name\"):\\n                continue\\n            parts = line.strip().split(\",\")\\n            total += int(parts[2])\\n    return total\\n' > processor.py",
            "success": true,
            "output": "",
            "time": 0.011535882949829102
          },
          {
            "command": "python3 -m pytest test_processor.py",
            "success": true,
            "output": "============================= test session starts ==============================\nplatform darwin -- Python 3.12.11, pytest-8.4.2, pluggy-1.6.0\nrootdir: /private/var/folders/zp/bbktq6x94hz_t85nvqs8b4w00000gn/T/cli_rl_env_hjfxi3d4\nplugins: anyio-4.11.0, timeout-2.4.0\ncollected 1 item\n\ntest_processor.py .                                                      [100%]\n\n============================== 1 passed in 0.00s ===============================\n",
            "time": 0.12436318397521973
          }
        ],
        "total_time": 0.1359107494354248,
        "all_successful": true
      },
      "time_seconds": 11.692576169967651,
      "difficulty": "hard",
      "scenario_type": "awk_cut"
    },
    {
      "scenario_id": "prompt_000730",
      "success": false,
      "num_commands": 2,
      "commands": [
        "printf '\"\"\"Process CSV data.\"\"\"\n\n\\ndef process_data(filename):\n    total = 0\n    with open(filename) as f:\n        next(f)\n        for line in f:\n            parts = line.strip().split(\",\")\n            total += int(parts[2])\n    return total\n' > processor.py",
        "python3 test_processor.py"
      ],
      "verification": {},
      "reward_breakdown": null,
      "execution_results": null,
      "time_seconds": 19.391971111297607,
      "difficulty": "hard",
      "scenario_type": "awk_cut"
    }
  ],
  "timestamp": "2025-10-31 18:07:02"
}